This is pdfTeX, Version 3.1415926-2.5-1.40.14 (TeX Live 2013/Debian) (format=pdflatex 2017.9.10)  23 NOV 2017 19:23
entering extended mode
 restricted \write18 enabled.
 %&-line parsing enabled.
**report.tex
(./report.tex
LaTeX2e <2011/06/27>
Babel <3.9h> and hyphenation patterns for 78 languages loaded.
\@input{settings.aux}
\openout2 = `settings.aux'.

(./settings.tex
(/usr/share/texlive/texmf-dist/tex/latex/extsizes/extarticle.cls
Document Class: extarticle 1996/10/08 v1.0 Non Standard LaTeX document class
(/usr/share/texlive/texmf-dist/tex/latex/base/size12.clo
File: size12.clo 2007/10/19 v1.4h Standard LaTeX file (size option)
)
(/usr/share/texlive/texmf-dist/tex/latex/base/exscale.sty
Package: exscale 2007/10/29 v2.1h Standard LaTeX package exscale
LaTeX Font Info:    Redeclaring symbol font `largesymbols' on input line 52.
LaTeX Font Info:    Overwriting symbol font `largesymbols' in version `normal'
(Font)                  OMX/cmex/m/n --> OMX/cmex/m/n on input line 52.
LaTeX Font Info:    Overwriting symbol font `largesymbols' in version `bold'
(Font)                  OMX/cmex/m/n --> OMX/cmex/m/n on input line 52.
\big@size=\dimen102
)
\c@part=\count79
\c@section=\count80
\c@subsection=\count81
\c@subsubsection=\count82
\c@paragraph=\count83
\c@subparagraph=\count84
\c@figure=\count85
\c@table=\count86
\abovecaptionskip=\skip41
\belowcaptionskip=\skip42
\bibindent=\dimen103
)
(/usr/share/texlive/texmf-dist/tex/latex/base/inputenc.sty
Package: inputenc 2008/03/30 v1.1d Input encoding file
\inpenc@prehook=\toks14
\inpenc@posthook=\toks15

(/usr/share/texlive/texmf-dist/tex/latex/ucs/utf8x.def
File: utf8x.def 2004/10/17 UCS: Input encoding UTF-8
))
(/usr/share/texlive/texmf-dist/tex/latex/ucs/ucs.sty
Package: ucs 2013/05/11 v2.2 UCS: Unicode input support

(/usr/share/texlive/texmf-dist/tex/latex/ucs/data/uni-global.def
File: uni-global.def 2013/05/13 UCS: Unicode global data
)
\uc@secondtry=\count87
\uc@combtoks=\toks16
\uc@combtoksb=\toks17
\uc@temptokena=\toks18
)
(/usr/share/texlive/texmf-dist/tex/latex/base/fontenc.sty
Package: fontenc 2005/09/27 v1.99g Standard LaTeX package

(/usr/share/texlive/texmf-dist/tex/latex/base/t1enc.def
File: t1enc.def 2005/09/27 v1.99g Standard LaTeX file
LaTeX Font Info:    Redeclaring font encoding T1 on input line 43.
)
(/usr/share/texlive/texmf-dist/tex/latex/cyrillic/t2aenc.def
File: t2aenc.def 2005/09/27 v1.0i Cyrillic encoding definition file
)
LaTeX Font Info:    Try loading font information for T2A+cmr on input line 100.


(/usr/share/texlive/texmf-dist/tex/latex/cyrillic/t2acmr.fd
File: t2acmr.fd 2001/08/11 v1.0a Computer Modern Cyrillic font definitions
))
(/usr/share/texlive/texmf-dist/tex/generic/babel/babel.sty
Package: babel 2013/12/03 3.9h The Babel package

(/usr/share/texlive/texmf-dist/tex/generic/babel-russian/russianb.ldf
Language: russian 2013/04/13 1.3a Russian support from the babel system

(/usr/share/texlive/texmf-dist/tex/generic/babel/babel.def
File: babel.def 2013/12/03 3.9h Babel common definitions
\babel@savecnt=\count88
\U@D=\dimen104
)
Package babel Info: Making " an active character on input line 147.
))
(/usr/share/texlive/texmf-dist/tex/latex/hyperref/hyperref.sty
Package: hyperref 2012/11/06 v6.83m Hypertext links for LaTeX

(/usr/share/texlive/texmf-dist/tex/generic/oberdiek/hobsub-hyperref.sty
Package: hobsub-hyperref 2012/05/28 v1.13 Bundle oberdiek, subset hyperref (HO)


(/usr/share/texlive/texmf-dist/tex/generic/oberdiek/hobsub-generic.sty
Package: hobsub-generic 2012/05/28 v1.13 Bundle oberdiek, subset generic (HO)
Package: hobsub 2012/05/28 v1.13 Construct package bundles (HO)
Package: infwarerr 2010/04/08 v1.3 Providing info/warning/error messages (HO)
Package: ltxcmds 2011/11/09 v1.22 LaTeX kernel commands for general use (HO)
Package: ifluatex 2010/03/01 v1.3 Provides the ifluatex switch (HO)
Package ifluatex Info: LuaTeX not detected.
Package: ifvtex 2010/03/01 v1.5 Detect VTeX and its facilities (HO)
Package ifvtex Info: VTeX not detected.
Package: intcalc 2007/09/27 v1.1 Expandable calculations with integers (HO)
Package: ifpdf 2011/01/30 v2.3 Provides the ifpdf switch (HO)
Package ifpdf Info: pdfTeX in PDF mode is detected.
Package: etexcmds 2011/02/16 v1.5 Avoid name clashes with e-TeX commands (HO)
Package etexcmds Info: Could not find \expanded.
(etexcmds)             That can mean that you are not using pdfTeX 1.50 or
(etexcmds)             that some package has redefined \expanded.
(etexcmds)             In the latter case, load this package earlier.
Package: kvsetkeys 2012/04/25 v1.16 Key value parser (HO)
Package: kvdefinekeys 2011/04/07 v1.3 Define keys (HO)
Package: pdftexcmds 2011/11/29 v0.20 Utility functions of pdfTeX for LuaTeX (HO
)
Package pdftexcmds Info: LuaTeX not detected.
Package pdftexcmds Info: \pdf@primitive is available.
Package pdftexcmds Info: \pdf@ifprimitive is available.
Package pdftexcmds Info: \pdfdraftmode found.
Package: pdfescape 2011/11/25 v1.13 Implements pdfTeX's escape features (HO)
Package: bigintcalc 2012/04/08 v1.3 Expandable calculations on big integers (HO
)
Package: bitset 2011/01/30 v1.1 Handle bit-vector datatype (HO)
Package: uniquecounter 2011/01/30 v1.2 Provide unlimited unique counter (HO)
)
Package hobsub Info: Skipping package `hobsub' (already loaded).
Package: letltxmacro 2010/09/02 v1.4 Let assignment for LaTeX macros (HO)
Package: hopatch 2012/05/28 v1.2 Wrapper for package hooks (HO)
Package: xcolor-patch 2011/01/30 xcolor patch
Package: atveryend 2011/06/30 v1.8 Hooks at the very end of document (HO)
Package atveryend Info: \enddocument detected (standard20110627).
Package: atbegshi 2011/10/05 v1.16 At begin shipout hook (HO)
Package: refcount 2011/10/16 v3.4 Data extraction from label references (HO)
Package: hycolor 2011/01/30 v1.7 Color options for hyperref/bookmark (HO)
)
(/usr/share/texlive/texmf-dist/tex/latex/graphics/keyval.sty
Package: keyval 1999/03/16 v1.13 key=value parser (DPC)
\KV@toks@=\toks19
)
(/usr/share/texlive/texmf-dist/tex/generic/ifxetex/ifxetex.sty
Package: ifxetex 2010/09/12 v0.6 Provides ifxetex conditional
)
(/usr/share/texlive/texmf-dist/tex/latex/oberdiek/auxhook.sty
Package: auxhook 2011/03/04 v1.3 Hooks for auxiliary files (HO)
)
(/usr/share/texlive/texmf-dist/tex/latex/oberdiek/kvoptions.sty
Package: kvoptions 2011/06/30 v3.11 Key value format for package options (HO)
)
\@linkdim=\dimen105
\Hy@linkcounter=\count89
\Hy@pagecounter=\count90

(/usr/share/texlive/texmf-dist/tex/latex/hyperref/pd1enc.def
File: pd1enc.def 2012/11/06 v6.83m Hyperref: PDFDocEncoding definition (HO)
)
\Hy@SavedSpaceFactor=\count91
Package hyperref Info: Option `unicode' set `true' on input line 3411.

(/usr/share/texlive/texmf-dist/tex/latex/hyperref/puenc.def
File: puenc.def 2012/11/06 v6.83m Hyperref: PDF Unicode definition (HO)
)
(/usr/share/texlive/texmf-dist/tex/latex/latexconfig/hyperref.cfg
File: hyperref.cfg 2002/06/06 v1.2 hyperref configuration of TeXLive
)
Package hyperref Info: Hyper figures OFF on input line 4443.
Package hyperref Info: Link nesting OFF on input line 4448.
Package hyperref Info: Hyper index ON on input line 4451.
Package hyperref Info: Plain pages OFF on input line 4458.
Package hyperref Info: Backreferencing OFF on input line 4463.
Package hyperref Info: Implicit mode ON; LaTeX internals redefined.
Package hyperref Info: Bookmarks ON on input line 4688.
\c@Hy@tempcnt=\count92

(/usr/share/texlive/texmf-dist/tex/latex/url/url.sty
\Urlmuskip=\muskip10
Package: url 2013/09/16  ver 3.4  Verb mode for urls, etc.
)
LaTeX Info: Redefining \url on input line 5041.
\XeTeXLinkMargin=\dimen106
\Fld@menulength=\count93
\Field@Width=\dimen107
\Fld@charsize=\dimen108
Package hyperref Info: Hyper figures OFF on input line 6295.
Package hyperref Info: Link nesting OFF on input line 6300.
Package hyperref Info: Hyper index ON on input line 6303.
Package hyperref Info: backreferencing OFF on input line 6310.
Package hyperref Info: Link coloring OFF on input line 6315.
Package hyperref Info: Link coloring with OCG OFF on input line 6320.
Package hyperref Info: PDF/A mode OFF on input line 6325.
LaTeX Info: Redefining \ref on input line 6365.
LaTeX Info: Redefining \pageref on input line 6369.
\Hy@abspage=\count94
\c@Item=\count95
\c@Hfootnote=\count96
)

Package hyperref Message: Driver (autodetected): hpdftex.

(/usr/share/texlive/texmf-dist/tex/latex/hyperref/hpdftex.def
File: hpdftex.def 2012/11/06 v6.83m Hyperref driver for pdfTeX
\Fld@listcount=\count97
\c@bookmark@seq@number=\count98

(/usr/share/texlive/texmf-dist/tex/latex/oberdiek/rerunfilecheck.sty
Package: rerunfilecheck 2011/04/15 v1.7 Rerun checks for auxiliary files (HO)
Package uniquecounter Info: New unique counter `rerunfilecheck' on input line 2
82.
)
\Hy@SectionHShift=\skip43
)
(/usr/share/texlive/texmf-dist/tex/latex/tools/indentfirst.sty
Package: indentfirst 1995/11/23 v1.03 Indent first paragraph (DPC)
)
(/usr/share/texlive/texmf-dist/tex/latex/listings/listings.sty
\lst@mode=\count99
\lst@gtempboxa=\box26
\lst@token=\toks20
\lst@length=\count100
\lst@currlwidth=\dimen109
\lst@column=\count101
\lst@pos=\count102
\lst@lostspace=\dimen110
\lst@width=\dimen111
\lst@newlines=\count103
\lst@lineno=\count104
\lst@maxwidth=\dimen112

(/usr/share/texlive/texmf-dist/tex/latex/listings/lstmisc.sty
File: lstmisc.sty 2013/08/26 1.5b (Carsten Heinz)
\c@lstnumber=\count105
\lst@skipnumbers=\count106
\lst@framebox=\box27
)
(/usr/share/texlive/texmf-dist/tex/latex/listings/listings.cfg
File: listings.cfg 2013/08/26 1.5b listings configuration
))
Package: listings 2013/08/26 1.5b (Carsten Heinz)

(/usr/share/texlive/texmf-dist/tex/latex/graphics/color.sty
Package: color 2005/11/14 v1.0j Standard LaTeX Color (DPC)

(/usr/share/texlive/texmf-dist/tex/latex/latexconfig/color.cfg
File: color.cfg 2007/01/18 v1.5 color configuration of teTeX/TeXLive
)
Package color Info: Driver file: pdftex.def on input line 130.

(/usr/share/texlive/texmf-dist/tex/latex/pdftex-def/pdftex.def
File: pdftex.def 2011/05/27 v0.06d Graphics/color for pdfTeX
\Gread@gobject=\count107
))
(/usr/share/texmf/tex/latex/xcolor/xcolor.sty
Package: xcolor 2007/01/21 v2.11 LaTeX color extensions (UK)

(/usr/share/texlive/texmf-dist/tex/latex/latexconfig/color.cfg
File: color.cfg 2007/01/18 v1.5 color configuration of teTeX/TeXLive
)
Package xcolor Info: Driver file: pdftex.def on input line 225.
LaTeX Info: Redefining \color on input line 702.
Package xcolor Info: Model `cmy' substituted by `cmy0' on input line 1337.
Package xcolor Info: Model `hsb' substituted by `rgb' on input line 1341.
Package xcolor Info: Model `RGB' extended on input line 1353.
Package xcolor Info: Model `HTML' substituted by `rgb' on input line 1355.
Package xcolor Info: Model `Hsb' substituted by `hsb' on input line 1356.
Package xcolor Info: Model `tHsb' substituted by `hsb' on input line 1357.
Package xcolor Info: Model `HSB' substituted by `hsb' on input line 1358.
Package xcolor Info: Model `Gray' substituted by `gray' on input line 1359.
Package xcolor Info: Model `wave' substituted by `hsb' on input line 1360.
)
(/usr/share/texlive/texmf-dist/tex/latex/here/here.sty)
(/usr/share/texlive/texmf-dist/tex/latex/float/float.sty
Package: float 2001/11/08 v1.3d Float enhancements (AL)
\c@float@type=\count108
\float@exts=\toks21
\float@box=\box28
\@float@everytoks=\toks22
\@floatcapt=\box29
)
(/usr/share/texlive/texmf-dist/tex/latex/tools/array.sty
Package: array 2008/09/09 v2.4c Tabular extension package (FMi)
\col@sep=\dimen113
\extrarowheight=\dimen114
\NC@list=\toks23
\extratabsurround=\skip44
\backup@length=\skip45
)
(/usr/share/texlive/texmf-dist/tex/latex/multirow/multirow.sty
\bigstrutjot=\dimen115
)
(/usr/share/texlive/texmf-dist/tex/latex/graphics/graphicx.sty
Package: graphicx 1999/02/16 v1.0f Enhanced LaTeX Graphics (DPC,SPQR)

(/usr/share/texlive/texmf-dist/tex/latex/graphics/graphics.sty
Package: graphics 2009/02/05 v1.0o Standard LaTeX Graphics (DPC,SPQR)

(/usr/share/texlive/texmf-dist/tex/latex/graphics/trig.sty
Package: trig 1999/03/16 v1.09 sin cos tan (DPC)
)
(/usr/share/texlive/texmf-dist/tex/latex/latexconfig/graphics.cfg
File: graphics.cfg 2010/04/23 v1.9 graphics configuration of TeX Live
)
Package graphics Info: Driver file: pdftex.def on input line 91.
)
\Gin@req@height=\dimen116
\Gin@req@width=\dimen117
)
(/usr/share/texlive/texmf-dist/tex/latex/amsmath/amsmath.sty
Package: amsmath 2013/01/14 v2.14 AMS math features
\@mathmargin=\skip46

For additional information on amsmath, use the `?' option.
(/usr/share/texlive/texmf-dist/tex/latex/amsmath/amstext.sty
Package: amstext 2000/06/29 v2.01

(/usr/share/texlive/texmf-dist/tex/latex/amsmath/amsgen.sty
File: amsgen.sty 1999/11/30 v2.0
\@emptytoks=\toks24
\ex@=\dimen118
))
(/usr/share/texlive/texmf-dist/tex/latex/amsmath/amsbsy.sty
Package: amsbsy 1999/11/29 v1.2d
\pmbraise@=\dimen119
)
(/usr/share/texlive/texmf-dist/tex/latex/amsmath/amsopn.sty
Package: amsopn 1999/12/14 v2.01 operator names
)
\inf@bad=\count109
LaTeX Info: Redefining \frac on input line 210.
\uproot@=\count110
\leftroot@=\count111
LaTeX Info: Redefining \overline on input line 306.
\classnum@=\count112
\DOTSCASE@=\count113
LaTeX Info: Redefining \ldots on input line 378.
LaTeX Info: Redefining \dots on input line 381.
LaTeX Info: Redefining \cdots on input line 466.
\Mathstrutbox@=\box30
\strutbox@=\box31
\big@size=\dimen120
LaTeX Font Info:    Redeclaring font encoding OML on input line 566.
LaTeX Font Info:    Redeclaring font encoding OMS on input line 567.
\macc@depth=\count114
\c@MaxMatrixCols=\count115
\dotsspace@=\muskip11
\c@parentequation=\count116
\dspbrk@lvl=\count117
\tag@help=\toks25
\row@=\count118
\column@=\count119
\maxfields@=\count120
\andhelp@=\toks26
\eqnshift@=\dimen121
\alignsep@=\dimen122
\tagshift@=\dimen123
\tagwidth@=\dimen124
\totwidth@=\dimen125
\lineht@=\dimen126
\@envbody=\toks27
\multlinegap=\skip47
\multlinetaggap=\skip48
\mathdisplay@stack=\toks28
LaTeX Info: Redefining \[ on input line 2665.
LaTeX Info: Redefining \] on input line 2666.
)
Package hyperref Info: Option `colorlinks' set `false' on input line 19.

(/usr/share/texlive/texmf-dist/tex/latex/caption/caption.sty
Package: caption 2013/05/02 v3.3-89 Customizing captions (AR)

(/usr/share/texlive/texmf-dist/tex/latex/caption/caption3.sty
Package: caption3 2013/05/02 v1.6-88 caption3 kernel (AR)
Package caption3 Info: TeX engine: e-TeX on input line 57.
\captionmargin=\dimen127
\captionmargin@=\dimen128
\captionwidth=\dimen129
\caption@tempdima=\dimen130
\caption@indent=\dimen131
\caption@parindent=\dimen132
\caption@hangindent=\dimen133
)
\c@ContinuedFloat=\count121
Package caption Info: float package is loaded.
Package caption Info: hyperref package is loaded.
Package caption Info: listings package is loaded.
)
(/usr/share/texlive/texmf-dist/tex/latex/listings/lstlang1.sty
File: lstlang1.sty 2013/08/26 1.5b listings language file
)
(/usr/share/texlive/texmf-dist/tex/latex/geometry/geometry.sty
Package: geometry 2010/09/12 v5.6 Page Geometry
\Gm@cnth=\count122
\Gm@cntv=\count123
\c@Gm@tempcnt=\count124
\Gm@bindingoffset=\dimen134
\Gm@wd@mp=\dimen135
\Gm@odd@mp=\dimen136
\Gm@even@mp=\dimen137
\Gm@layoutwidth=\dimen138
\Gm@layoutheight=\dimen139
\Gm@layouthoffset=\dimen140
\Gm@layoutvoffset=\dimen141
\Gm@dimlist=\toks29
)
(/usr/share/texlive/texmf-dist/tex/latex/chngcntr/chngcntr.sty
Package: chngcntr 2009/09/02 v1.0a change counter resetting
)
(/usr/share/texlive/texmf-dist/tex/latex/titlesec/titlesec.sty
Package: titlesec 2011/12/15 v2.10.0 Sectioning titles
\ttl@box=\box32
\beforetitleunit=\skip49
\aftertitleunit=\skip50
\ttl@plus=\dimen142
\ttl@minus=\dimen143
\ttl@toksa=\toks30
\titlewidth=\dimen144
\titlewidthlast=\dimen145
\titlewidthfirst=\dimen146
)
(/usr/share/texlive/texmf-dist/tex/latex/titlesec/titletoc.sty
Package: titletoc 2011/12/15 v1.6 TOC entries
\ttl@leftsep=\dimen147
)) (./report.aux
(./titlepage.aux) (./ToC.aux))
\openout1 = `report.aux'.

LaTeX Font Info:    Checking defaults for OML/cmm/m/it on input line 3.
LaTeX Font Info:    ... okay on input line 3.
LaTeX Font Info:    Checking defaults for T1/cmr/m/n on input line 3.
LaTeX Font Info:    ... okay on input line 3.
LaTeX Font Info:    Checking defaults for OT1/cmr/m/n on input line 3.
LaTeX Font Info:    ... okay on input line 3.
LaTeX Font Info:    Checking defaults for OMS/cmsy/m/n on input line 3.
LaTeX Font Info:    ... okay on input line 3.
LaTeX Font Info:    Checking defaults for OMX/cmex/m/n on input line 3.
LaTeX Font Info:    ... okay on input line 3.
LaTeX Font Info:    Checking defaults for U/cmr/m/n on input line 3.
LaTeX Font Info:    ... okay on input line 3.
LaTeX Font Info:    Checking defaults for T2A/cmr/m/n on input line 3.
LaTeX Font Info:    ... okay on input line 3.
LaTeX Font Info:    Checking defaults for PD1/pdf/m/n on input line 3.
LaTeX Font Info:    ... okay on input line 3.
LaTeX Font Info:    Checking defaults for PU/pdf/m/n on input line 3.
LaTeX Font Info:    ... okay on input line 3.

(/usr/share/texlive/texmf-dist/tex/latex/ucs/ucsencs.def
File: ucsencs.def 2011/01/21 Fixes to fontencodings LGR, T3
)
\AtBeginShipoutBox=\box33
Package hyperref Info: Link coloring OFF on input line 3.

(/usr/share/texlive/texmf-dist/tex/latex/hyperref/nameref.sty
Package: nameref 2012/10/27 v2.43 Cross-referencing by name of section

(/usr/share/texlive/texmf-dist/tex/generic/oberdiek/gettitlestring.sty
Package: gettitlestring 2010/12/03 v1.4 Cleanup title references (HO)
)
\c@section@level=\count125
)
LaTeX Info: Redefining \ref on input line 3.
LaTeX Info: Redefining \pageref on input line 3.
LaTeX Info: Redefining \nameref on input line 3.

(./report.out) (./report.out)
\@outlinefile=\write3
\openout3 = `report.out'.

\c@lstlisting=\count126

(/usr/share/texlive/texmf-dist/tex/context/base/supp-pdf.mkii
[Loading MPS to PDF converter (version 2006.09.02).]
\scratchcounter=\count127
\scratchdimen=\dimen148
\scratchbox=\box34
\nofMPsegments=\count128
\nofMParguments=\count129
\everyMPshowfont=\toks31
\MPscratchCnt=\count130
\MPscratchDim=\dimen149
\MPnumerator=\count131
\makeMPintoPDFobject=\count132
\everyMPtoPDFconversion=\toks32
) (/usr/share/texlive/texmf-dist/tex/latex/oberdiek/epstopdf-base.sty
Package: epstopdf-base 2010/02/09 v2.5 Base part for package epstopdf

(/usr/share/texlive/texmf-dist/tex/latex/oberdiek/grfext.sty
Package: grfext 2010/08/19 v1.1 Manage graphics extensions (HO)
)
Package grfext Info: Graphics extension search list:
(grfext)             [.png,.pdf,.jpg,.mps,.jpeg,.jbig2,.jb2,.PNG,.PDF,.JPG,.JPE
G,.JBIG2,.JB2,.eps]
(grfext)             \AppendGraphicsExtensions on input line 452.

(/usr/share/texlive/texmf-dist/tex/latex/latexconfig/epstopdf-sys.cfg
File: epstopdf-sys.cfg 2010/07/13 v1.3 Configuration of (r)epstopdf for TeX Liv
e
))
Package caption Info: Begin \AtBeginDocument code.
Package caption Info: End \AtBeginDocument code.

*geometry* driver: auto-detecting
*geometry* detected driver: pdftex
*geometry* verbose mode - [ preamble ] result:
* driver: pdftex
* paper: a4paper
* layout: <same size as paper>
* layoutoffset:(h,v)=(0.0pt,0.0pt)
* modes: 
* h-part:(L,W,R)=(56.9055pt, 483.69687pt, 56.9055pt)
* v-part:(T,H,B)=(56.9055pt, 731.23584pt, 56.9055pt)
* \paperwidth=597.50787pt
* \paperheight=845.04684pt
* \textwidth=483.69687pt
* \textheight=731.23584pt
* \oddsidemargin=-15.36449pt
* \evensidemargin=-15.36449pt
* \topmargin=-52.36449pt
* \headheight=12.0pt
* \headsep=25.0pt
* \topskip=12.0pt
* \footskip=30.0pt
* \marginparwidth=35.0pt
* \marginparsep=10.0pt
* \columnsep=10.0pt
* \skip\footins=10.8pt plus 4.0pt minus 2.0pt
* \hoffset=0.0pt
* \voffset=0.0pt
* \mag=1000
* \@twocolumnfalse
* \@twosidefalse
* \@mparswitchfalse
* \@reversemarginfalse
* (1in=72.27pt=25.4mm, 1cm=28.453pt)

\openout2 = `titlepage.aux'.

(./titlepage.tex (/usr/share/texlive/texmf-dist/tex/latex/ucs/data/uni-4.def
File: uni-4.def 2013/05/13 UCS: Unicode data U+0400..U+04FF
)
(/usr/share/texlive/texmf-dist/tex/latex/ucs/data/uni-33.def
File: uni-33.def 2013/05/13 UCS: Unicode data U+2100..U+21FF
)
Package babel Info: Redefining russian shorthand "|
(babel)             in language append on input line 42.
Package babel Info: Redefining russian shorthand "~
(babel)             in language append on input line 42.
Package babel Info: Redefining russian shorthand "|
(babel)             in language append on input line 42.
Package babel Info: Redefining russian shorthand "~
(babel)             in language append on input line 42.
 [1




{/var/lib/texmf/fonts/map/pdftex/updmap/pdftex.map}])
\openout2 = `ToC.aux'.

 (./ToC.tex (./report.toc)
\tf@toc=\write4
\openout4 = `report.toc'.

Package babel Info: Redefining russian shorthand "|
(babel)             in language append on input line 4.
Package babel Info: Redefining russian shorthand "~
(babel)             in language append on input line 4.
Package babel Info: Redefining russian shorthand "|
(babel)             in language append on input line 4.
Package babel Info: Redefining russian shorthand "~
(babel)             in language append on input line 4.
pdfTeX warning (ext4): destination with the same identifier (name{page.1}) has 
been already used, duplicate ignored
<to be read again> 
                   \relax 
l.4 \newpage
             [1


])
Package babel Info: Redefining russian shorthand "|
(babel)             in language append on input line 12.
Package babel Info: Redefining russian shorthand "~
(babel)             in language append on input line 12.
Package babel Info: Redefining russian shorthand "|
(babel)             in language append on input line 15.
Package babel Info: Redefining russian shorthand "~
(babel)             in language append on input line 15.
Package babel Info: Redefining russian shorthand "|
(babel)             in language append on input line 20.
Package babel Info: Redefining russian shorthand "~
(babel)             in language append on input line 20.
Package babel Info: Redefining russian shorthand "|
(babel)             in language append on input line 22.
Package babel Info: Redefining russian shorthand "~
(babel)             in language append on input line 22.
Package babel Info: Redefining russian shorthand "|
(babel)             in language append on input line 24.
Package babel Info: Redefining russian shorthand "~
(babel)             in language append on input line 24.
 <fig/1.jpg, id=111, 1442.38875pt x 541.02126pt>
File: fig/1.jpg Graphic file (type jpg)

<use fig/1.jpg>
Package pdftex.def Info: fig/1.jpg used on input line 28.
(pdftex.def)             Requested size: 504.84363pt x 189.36028pt.

Overfull \hbox (21.14676pt too wide) in paragraph at lines 28--29
 [] 
 []

Package babel Info: Redefining russian shorthand "|
(babel)             in language append on input line 34.
Package babel Info: Redefining russian shorthand "~
(babel)             in language append on input line 34.
Package babel Info: Redefining russian shorthand "|
(babel)             in language append on input line 34.
Package babel Info: Redefining russian shorthand "~
(babel)             in language append on input line 34.
[2

 <./fig/1.jpg>]
Package babel Info: Redefining russian shorthand "|
(babel)             in language append on input line 36.
Package babel Info: Redefining russian shorthand "~
(babel)             in language append on input line 36.
 <fig/K1_K9.jpg, id=124, 1861.95625pt x 1004.75375pt>
File: fig/K1_K9.jpg Graphic file (type jpg)

<use fig/K1_K9.jpg>
Package pdftex.def Info: fig/K1_K9.jpg used on input line 40.
(pdftex.def)             Requested size: 465.48793pt x 251.18782pt.
 <fig/K1_K9_E.jpg, id=125, 1861.95625pt x 1004.75375pt>
File: fig/K1_K9_E.jpg Graphic file (type jpg)

<use fig/K1_K9_E.jpg>
Package pdftex.def Info: fig/K1_K9_E.jpg used on input line 52.
(pdftex.def)             Requested size: 465.48793pt x 251.18782pt.
Package babel Info: Redefining russian shorthand "|
(babel)             in language append on input line 64.
Package babel Info: Redefining russian shorthand "~
(babel)             in language append on input line 64.
Package babel Info: Redefining russian shorthand "|
(babel)             in language append on input line 64.
Package babel Info: Redefining russian shorthand "~
(babel)             in language append on input line 64.
 [3 <./fig/K1_K9.jpg> <./fig/K1_K9_E.jpg>]
<fig/K_14_6.jpg, id=134, 1861.95625pt x 1004.75375pt>
File: fig/K_14_6.jpg Graphic file (type jpg)
 <use fig/K_14_6.jpg>
Package pdftex.def Info: fig/K_14_6.jpg used on input line 70.
(pdftex.def)             Requested size: 465.48793pt x 251.18782pt.
Package babel Info: Redefining russian shorthand "|
(babel)             in language append on input line 76.
Package babel Info: Redefining russian shorthand "~
(babel)             in language append on input line 76.

<fig/K2_M_5.jpg, id=136, 1861.95625pt x 1004.75375pt>
File: fig/K2_M_5.jpg Graphic file (type jpg)
 <use fig/K2_M_5.jpg>
Package pdftex.def Info: fig/K2_M_5.jpg used on input line 80.
(pdftex.def)             Requested size: 465.48793pt x 251.18782pt.
Package babel Info: Redefining russian shorthand "|
(babel)             in language append on input line 86.
Package babel Info: Redefining russian shorthand "~
(babel)             in language append on input line 86.

<fig/K5_lin.jpg, id=139, 1861.95625pt x 1004.75375pt>
File: fig/K5_lin.jpg Graphic file (type jpg)
 <use fig/K5_lin.jpg>
Package pdftex.def Info: fig/K5_lin.jpg used on input line 91.
(pdftex.def)             Requested size: 465.48793pt x 251.18782pt.
Package babel Info: Redefining russian shorthand "|
(babel)             in language append on input line 95.
Package babel Info: Redefining russian shorthand "~
(babel)             in language append on input line 95.
Package babel Info: Redefining russian shorthand "|
(babel)             in language append on input line 95.
Package babel Info: Redefining russian shorthand "~
(babel)             in language append on input line 95.

[4 <./fig/K_14_6.jpg> <./fig/K2_M_5.jpg>]
<fig/K5_lin_E.jpg, id=146, 1861.95625pt x 1004.75375pt>
File: fig/K5_lin_E.jpg Graphic file (type jpg)
 <use fig/K5_lin_E.jpg>
Package pdftex.def Info: fig/K5_lin_E.jpg used on input line 99.
(pdftex.def)             Requested size: 465.48793pt x 251.18782pt.
Package babel Info: Redefining russian shorthand "|
(babel)             in language append on input line 105.
Package babel Info: Redefining russian shorthand "~
(babel)             in language append on input line 105.
Package babel Info: Redefining russian shorthand "|
(babel)             in language append on input line 107.
Package babel Info: Redefining russian shorthand "~
(babel)             in language append on input line 107.
Package babel Info: Redefining russian shorthand "|
(babel)             in language append on input line 107.
Package babel Info: Redefining russian shorthand "~
(babel)             in language append on input line 107.

[5 <./fig/K5_lin.jpg> <./fig/K5_lin_E.jpg>]
Package babel Info: Redefining russian shorthand "|
(babel)             in language append on input line 111.
Package babel Info: Redefining russian shorthand "~
(babel)             in language append on input line 111.

<fig/2.jpg, id=154, 1567.8575pt x 561.09625pt>
File: fig/2.jpg Graphic file (type jpg)
 <use fig/2.jpg>
Package pdftex.def Info: fig/2.jpg used on input line 115.
(pdftex.def)             Requested size: 470.36089pt x 168.33017pt.
Package babel Info: Redefining russian shorthand "|
(babel)             in language append on input line 121.
Package babel Info: Redefining russian shorthand "~
(babel)             in language append on input line 121.

<fig/K1_K5_W.jpg, id=157, 1861.95625pt x 1004.75375pt>
File: fig/K1_K5_W.jpg Graphic file (type jpg)
 <use fig/K1_K5_W.jpg>
Package pdftex.def Info: fig/K1_K5_W.jpg used on input line 125.
(pdftex.def)             Requested size: 409.63164pt x 221.04651pt.

<fig/K1_K5_WE.jpg, id=158, 1861.95625pt x 1004.75375pt>
File: fig/K1_K5_WE.jpg Graphic file (type jpg)
 <use fig/K1_K5_WE.jpg>
Package pdftex.def Info: fig/K1_K5_WE.jpg used on input line 137.
(pdftex.def)             Requested size: 465.48793pt x 251.18782pt.
Package babel Info: Redefining russian shorthand "|
(babel)             in language append on input line 142.
Package babel Info: Redefining russian shorthand "~
(babel)             in language append on input line 142.
Package babel Info: Redefining russian shorthand "|
(babel)             in language append on input line 142.
Package babel Info: Redefining russian shorthand "~
(babel)             in language append on input line 142.

[6 <./fig/2.jpg> <./fig/K1_K5_W.jpg>]
Package babel Info: Redefining russian shorthand "|
(babel)             in language append on input line 147.
Package babel Info: Redefining russian shorthand "~
(babel)             in language append on input line 147.

<fig/K3_WM20.jpg, id=169, 1861.95625pt x 1004.75375pt>
File: fig/K3_WM20.jpg Graphic file (type jpg)
 <use fig/K3_WM20.jpg>
Package pdftex.def Info: fig/K3_WM20.jpg used on input line 151.
(pdftex.def)             Requested size: 465.48793pt x 251.18782pt.
Package babel Info: Redefining russian shorthand "|
(babel)             in language append on input line 157.
Package babel Info: Redefining russian shorthand "~
(babel)             in language append on input line 157.

Underfull \hbox (badness 10000) in paragraph at lines 158--160

 []

Package babel Info: Redefining russian shorthand "|
(babel)             in language append on input line 160.
Package babel Info: Redefining russian shorthand "~
(babel)             in language append on input line 160.
Package babel Info: Redefining russian shorthand "|
(babel)             in language append on input line 160.
Package babel Info: Redefining russian shorthand "~
(babel)             in language append on input line 160.
[7 <./fig/K1_K5_WE.jpg> <./fig/K3_WM20.jpg>]
<fig/K3_K6_Wl.jpg, id=177, 1861.95625pt x 1004.75375pt>
File: fig/K3_K6_Wl.jpg Graphic file (type jpg)
 <use fig/K3_K6_Wl.jpg>
Package pdftex.def Info: fig/K3_K6_Wl.jpg used on input line 164.
(pdftex.def)             Requested size: 465.48793pt x 251.18782pt.

Underfull \hbox (badness 10000) in paragraph at lines 161--168

 []

<fig/K3_K6_WlE.jpg, id=178, 1861.95625pt x 976.64874pt>
File: fig/K3_K6_WlE.jpg Graphic file (type jpg)

<use fig/K3_K6_WlE.jpg>
Package pdftex.def Info: fig/K3_K6_WlE.jpg used on input line 172.
(pdftex.def)             Requested size: 465.48793pt x 244.16159pt.

Underfull \hbox (badness 10000) in paragraph at lines 178--179

 []

Package babel Info: Redefining russian shorthand "|
(babel)             in language append on input line 179.
Package babel Info: Redefining russian shorthand "~
(babel)             in language append on input line 179.
Package babel Info: Redefining russian shorthand "|
(babel)             in language append on input line 179.
Package babel Info: Redefining russian shorthand "~
(babel)             in language append on input line 179.
[8 <./fig/K3_K6_Wl.jpg> <./fig/K3_K6_WlE.jpg>]
<fig/k2_k6_Wl.jpg, id=186, 1861.95625pt x 976.64874pt>
File: fig/k2_k6_Wl.jpg Graphic file (type jpg)
 <use fig/k2_k6_Wl.jpg>
Package pdftex.def Info: fig/k2_k6_Wl.jpg used on input line 182.
(pdftex.def)             Requested size: 465.48793pt x 244.16159pt.

<fig/k2_k6_WlE.jpg, id=187, 1861.95625pt x 1004.75375pt>
File: fig/k2_k6_WlE.jpg Graphic file (type jpg)

<use fig/k2_k6_WlE.jpg>
Package pdftex.def Info: fig/k2_k6_WlE.jpg used on input line 190.
(pdftex.def)             Requested size: 465.48793pt x 251.18782pt.
Package babel Info: Redefining russian shorthand "|
(babel)             in language append on input line 196.
Package babel Info: Redefining russian shorthand "~
(babel)             in language append on input line 196.
Package babel Info: Redefining russian shorthand "|
(babel)             in language append on input line 198.
Package babel Info: Redefining russian shorthand "~
(babel)             in language append on input line 198.
 <fig/3.jpg, id=189, 1465.475pt x 526.96875pt>
File: fig/3.jpg Graphic file (type jpg)

<use fig/3.jpg>
Package pdftex.def Info: fig/3.jpg used on input line 202.
(pdftex.def)             Requested size: 439.64589pt x 158.09184pt.
Package babel Info: Redefining russian shorthand "|
(babel)             in language append on input line 206.
Package babel Info: Redefining russian shorthand "~
(babel)             in language append on input line 206.
Package babel Info: Redefining russian shorthand "|
(babel)             in language append on input line 206.
Package babel Info: Redefining russian shorthand "~
(babel)             in language append on input line 206.
 [9 <./fig/k2_k6_Wl.jpg> <./fig/k2_k6_WlE.jpg>]
Package babel Info: Redefining russian shorthand "|
(babel)             in language append on input line 208.
Package babel Info: Redefining russian shorthand "~
(babel)             in language append on input line 208.

<fig/a5_10.jpg, id=197, 1861.95625pt x 1004.75375pt>
File: fig/a5_10.jpg Graphic file (type jpg)
 <use fig/a5_10.jpg>
Package pdftex.def Info: fig/a5_10.jpg used on input line 212.
(pdftex.def)             Requested size: 465.48793pt x 251.18782pt.

<fig/a5_10_E.jpg, id=198, 1861.95625pt x 1004.75375pt>
File: fig/a5_10_E.jpg Graphic file (type jpg)
 <use fig/a5_10_E.jpg>
Package pdftex.def Info: fig/a5_10_E.jpg used on input line 224.
(pdftex.def)             Requested size: 465.48793pt x 251.18782pt.
Package babel Info: Redefining russian shorthand "|
(babel)             in language append on input line 229.
Package babel Info: Redefining russian shorthand "~
(babel)             in language append on input line 229.
Package babel Info: Redefining russian shorthand "|
(babel)             in language append on input line 229.
Package babel Info: Redefining russian shorthand "~
(babel)             in language append on input line 229.

[10 <./fig/3.jpg> <./fig/a5_10.jpg>]
Package babel Info: Redefining russian shorthand "|
(babel)             in language append on input line 234.
Package babel Info: Redefining russian shorthand "~
(babel)             in language append on input line 234.

Underfull \hbox (badness 10000) in paragraph at lines 237--238

 []

<fig/a.jpg, id=208, 1861.95625pt x 1004.75375pt>
File: fig/a.jpg Graphic file (type jpg)
 <use fig/a.jpg>
Package pdftex.def Info: fig/a.jpg used on input line 241.
(pdftex.def)             Requested size: 391.02235pt x 211.00452pt.

<fig/a_E.jpg, id=209, 1861.95625pt x 1004.75375pt>
File: fig/a_E.jpg Graphic file (type jpg)
 <use fig/a_E.jpg>
Package pdftex.def Info: fig/a_E.jpg used on input line 249.
(pdftex.def)             Requested size: 391.02235pt x 211.00452pt.
Package babel Info: Redefining russian shorthand "|
(babel)             in language append on input line 254.
Package babel Info: Redefining russian shorthand "~
(babel)             in language append on input line 254.
Package babel Info: Redefining russian shorthand "|
(babel)             in language append on input line 254.
Package babel Info: Redefining russian shorthand "~
(babel)             in language append on input line 254.
 [11 <./fig/a5_10_E.jpg> <./fig/a.jpg>]
Underfull \hbox (badness 10000) in paragraph at lines 260--261

 []

<fig/aa.jpg, id=216, 1861.95625pt x 1004.75375pt>
File: fig/aa.jpg Graphic file (type jpg)
 <use fig/aa.jpg>
Package pdftex.def Info: fig/aa.jpg used on input line 264.
(pdftex.def)             Requested size: 391.02235pt x 211.00452pt.

<fig/aa_E.jpg, id=217, 1861.95625pt x 1004.75375pt>
File: fig/aa_E.jpg Graphic file (type jpg)
 <use fig/aa_E.jpg>
Package pdftex.def Info: fig/aa_E.jpg used on input line 272.
(pdftex.def)             Requested size: 391.02235pt x 211.00452pt.
Package babel Info: Redefining russian shorthand "|
(babel)             in language append on input line 277.
Package babel Info: Redefining russian shorthand "~
(babel)             in language append on input line 277.
Package babel Info: Redefining russian shorthand "|
(babel)             in language append on input line 277.
Package babel Info: Redefining russian shorthand "~
(babel)             in language append on input line 277.
 [12 <./fig/a_E.jpg> <./fig/aa.jpg>]
Package babel Info: Redefining russian shorthand "|
(babel)             in language append on input line 278.
Package babel Info: Redefining russian shorthand "~
(babel)             in language append on input line 278.
Package babel Info: Redefining russian shorthand "|
(babel)             in language append on input line 278.
Package babel Info: Redefining russian shorthand "~
(babel)             in language append on input line 278.
 [13 <./fig/aa_E.jpg>]
Package babel Info: Redefining russian shorthand "|
(babel)             in language append on input line 280.
Package babel Info: Redefining russian shorthand "~
(babel)             in language append on input line 280.


Package caption Warning: Unused \captionsetup[table] on input line 87.
See the caption package documentation for explanation.

Package atveryend Info: Empty hook `BeforeClearDocument' on input line 282.
Package babel Info: Redefining russian shorthand "|
(babel)             in language append on input line 282.
Package babel Info: Redefining russian shorthand "~
(babel)             in language append on input line 282.
Package babel Info: Redefining russian shorthand "|
(babel)             in language append on input line 282.
Package babel Info: Redefining russian shorthand "~
(babel)             in language append on input line 282.
[14]
Package atveryend Info: Empty hook `AfterLastShipout' on input line 282.
 (./report.aux (./titlepage.aux) (./ToC.aux))
Package atveryend Info: Executing hook `AtVeryEndDocument' on input line 282.
Package atveryend Info: Executing hook `AtEndAfterFileList' on input line 282.
Package rerunfilecheck Info: File `report.out' has not changed.
(rerunfilecheck)             Checksum: 38FC72B5A07098D2A2BC27F1612B65EF;6315.
Package atveryend Info: Empty hook `AtVeryVeryEnd' on input line 282.
 ) 
Here is how much of TeX's memory you used:
 14899 strings out of 493304
 210628 string characters out of 6139871
 306804 words of memory out of 5000000
 18108 multiletter control sequences out of 15000+600000
 15098 words of font info for 36 fonts, out of 8000000 for 9000
 957 hyphenation exceptions out of 8191
 40i,8n,42p,1422b,664s stack positions out of 5000i,500n,10000p,200000b,80000s
{/usr/share/texmf/fonts/enc/dvips/cm-super/cm-super-t2a.enc}</usr/share/texli
ve/texmf-dist/fonts/type1/public/amsfonts/cm/cmmi12.pfb></usr/share/texlive/tex
mf-dist/fonts/type1/public/amsfonts/cm/cmmi8.pfb></usr/share/texlive/texmf-dist
/fonts/type1/public/amsfonts/cm/cmr12.pfb></usr/share/texlive/texmf-dist/fonts/
type1/public/amsfonts/cm/cmr6.pfb></usr/share/texlive/texmf-dist/fonts/type1/pu
blic/amsfonts/cm/cmr8.pfb></usr/share/texlive/texmf-dist/fonts/type1/public/ams
fonts/cm/cmsy10.pfb></usr/share/texmf/fonts/type1/public/cm-super/sfbx1200.pfb>
</usr/share/texmf/fonts/type1/public/cm-super/sfbx1440.pfb></usr/share/texmf/fo
nts/type1/public/cm-super/sfbx1728.pfb></usr/share/texmf/fonts/type1/public/cm-
super/sfrm0800.pfb></usr/share/texmf/fonts/type1/public/cm-super/sfrm1200.pfb><
/usr/share/texmf/fonts/type1/public/cm-super/sfrm1440.pfb></usr/share/texmf/fon
ts/type1/public/cm-super/sfrm2488.pfb>
Output written on report.pdf (15 pages, 2058948 bytes).
PDF statistics:
 292 PDF objects out of 1000 (max. 8388607)
 237 compressed objects within 3 object streams
 55 named destinations out of 1000 (max. 500000)
 255 words of extra memory for PDF output out of 10000 (max. 10000000)

